*** Starting uWSGI 2.0.18 (64bit) on [Sun May 17 02:57:47 2020] ***
compiled with version: 5.4.0 20160609 on 21 March 2020 17:30:55
os: Linux-4.15.0-99-generic #100~16.04.1-Ubuntu SMP Wed Apr 22 23:56:30 UTC 2020
nodename: lirunquan-X555LI
machine: x86_64
clock source: unix
detected number of CPU cores: 4
current working directory: /root/CLSystem/server
writing pidfile to /root/CLSystem/server/CLSystem.pid
detected binary path: /usr/local/bin/uwsgi
!!! no internal routing support, rebuild with pcre support !!!
uWSGI running as root, you can use --uid/--gid/--chroot options
*** WARNING: you are running uWSGI as root !!! (use the --uid flag) *** 
chdir() to /root/CLSystem/server
your processes number limit is 30978
your memory page size is 4096 bytes
detected max file descriptor number: 1024
lock engine: pthread robust mutexes
thunder lock: disabled (you can enable it with --thunder-lock)
uwsgi socket 0 bound to TCP address :10086 fd 3
uWSGI running as root, you can use --uid/--gid/--chroot options
*** WARNING: you are running uWSGI as root !!! (use the --uid flag) *** 
Python version: 3.7.1rc2 (default, Jan 10 2020, 02:18:10)  [GCC 5.4.0 20160609]
Python main interpreter initialized at 0xc61f00
uWSGI running as root, you can use --uid/--gid/--chroot options
*** WARNING: you are running uWSGI as root !!! (use the --uid flag) *** 
python threads support enabled
your server socket listen backlog is limited to 100 connections
your mercy for graceful operations on workers is 60 seconds
mapped 656280 bytes (640 KB) for 8 cores
*** Operational MODE: preforking ***
WSGI app 0 (mountpoint='') ready in 0 seconds on interpreter 0xc61f00 pid: 27624 (default app)
uWSGI running as root, you can use --uid/--gid/--chroot options
*** WARNING: you are running uWSGI as root !!! (use the --uid flag) *** 
*** uWSGI is running in multiple interpreter mode ***
spawned uWSGI master process (pid: 27624)
spawned uWSGI worker 1 (pid: 27625, cores: 1)
spawned uWSGI worker 2 (pid: 27626, cores: 1)
spawned uWSGI worker 3 (pid: 27627, cores: 1)
spawned uWSGI worker 4 (pid: 27628, cores: 1)
spawned uWSGI worker 5 (pid: 27629, cores: 1)
spawned uWSGI worker 6 (pid: 27630, cores: 1)
spawned uWSGI worker 7 (pid: 27631, cores: 1)
spawned uWSGI worker 8 (pid: 27632, cores: 1)
invalid request block size: 21573 (max 4096)...skip
invalid request block size: 21573 (max 4096)...skip
invalid request block size: 21573 (max 4096)...skip
invalid request block size: 21573 (max 4096)...skip
invalid request block size: 21573 (max 4096)...skip
invalid request block size: 21573 (max 4096)...skip
invalid request block size: 21573 (max 4096)...skip
invalid request block size: 21573 (max 4096)...skip
invalid request block size: 21573 (max 4096)...skip
invalid request block size: 21573 (max 4096)...skip
invalid request block size: 21573 (max 4096)...skip
invalid request block size: 21573 (max 4096)...skip
invalid request block size: 21573 (max 4096)...skip
invalid request block size: 21573 (max 4096)...skip
invalid request block size: 21573 (max 4096)...skip
invalid request block size: 21573 (max 4096)...skip
invalid request block size: 21573 (max 4096)...skip
invalid request block size: 21573 (max 4096)...skip
invalid request block size: 21573 (max 4096)...skip
invalid request block size: 21573 (max 4096)...skip
invalid request block size: 21573 (max 4096)...skip
SIGINT/SIGQUIT received...killing workers...
worker 1 buried after 1 seconds
worker 2 buried after 1 seconds
worker 3 buried after 1 seconds
worker 4 buried after 1 seconds
worker 5 buried after 1 seconds
worker 6 buried after 1 seconds
worker 7 buried after 1 seconds
worker 8 buried after 1 seconds
goodbye to uWSGI.
VACUUM: pidfile removed.
*** Starting uWSGI 2.0.18 (64bit) on [Sun May 17 03:02:57 2020] ***
compiled with version: 5.4.0 20160609 on 21 March 2020 17:30:55
os: Linux-4.15.0-99-generic #100~16.04.1-Ubuntu SMP Wed Apr 22 23:56:30 UTC 2020
nodename: lirunquan-X555LI
machine: x86_64
clock source: unix
detected number of CPU cores: 4
current working directory: /root/CLSystem/server
writing pidfile to /root/CLSystem/server/CLSystem.pid
detected binary path: /usr/local/bin/uwsgi
!!! no internal routing support, rebuild with pcre support !!!
uWSGI running as root, you can use --uid/--gid/--chroot options
*** WARNING: you are running uWSGI as root !!! (use the --uid flag) *** 
chdir() to /root/CLSystem/server
your processes number limit is 30978
your memory page size is 4096 bytes
detected max file descriptor number: 1024
lock engine: pthread robust mutexes
thunder lock: disabled (you can enable it with --thunder-lock)
uWSGI http bound on :10086 fd 4
uwsgi socket 0 bound to TCP address 127.0.0.1:40389 (port auto-assigned) fd 3
uWSGI running as root, you can use --uid/--gid/--chroot options
*** WARNING: you are running uWSGI as root !!! (use the --uid flag) *** 
Python version: 3.7.1rc2 (default, Jan 10 2020, 02:18:10)  [GCC 5.4.0 20160609]
Python main interpreter initialized at 0x16663f0
uWSGI running as root, you can use --uid/--gid/--chroot options
*** WARNING: you are running uWSGI as root !!! (use the --uid flag) *** 
python threads support enabled
your server socket listen backlog is limited to 100 connections
your mercy for graceful operations on workers is 60 seconds
mapped 656280 bytes (640 KB) for 8 cores
*** Operational MODE: preforking ***
WSGI app 0 (mountpoint='') ready in 0 seconds on interpreter 0x16663f0 pid: 28229 (default app)
uWSGI running as root, you can use --uid/--gid/--chroot options
*** WARNING: you are running uWSGI as root !!! (use the --uid flag) *** 
*** uWSGI is running in multiple interpreter mode ***
spawned uWSGI master process (pid: 28229)
spawned uWSGI worker 1 (pid: 28230, cores: 1)
spawned uWSGI worker 2 (pid: 28231, cores: 1)
spawned uWSGI worker 3 (pid: 28232, cores: 1)
spawned uWSGI worker 4 (pid: 28233, cores: 1)
spawned uWSGI worker 5 (pid: 28234, cores: 1)
spawned uWSGI worker 6 (pid: 28235, cores: 1)
spawned uWSGI worker 7 (pid: 28236, cores: 1)
spawned uWSGI worker 8 (pid: 28237, cores: 1)
spawned uWSGI http 1 (pid: 28238)
Job with id remove_overdue_record already in jobstore. I'll refresh it
[pid: 28233|app: 0|req: 1/1] 127.0.0.1 () {48 vars in 943 bytes} [Sun May 17 03:03:07 2020] GET / => generated 3699 bytes in 750 msecs (HTTP/1.1 200) 4 headers in 124 bytes (1 switches on core 0)
Job with id remove_overdue_record already in jobstore. I'll refresh it
Not Found: /favicon.ico
[pid: 28236|app: 0|req: 1/2] 127.0.0.1 () {48 vars in 884 bytes} [Sun May 17 03:03:08 2020] GET /favicon.ico => generated 2958 bytes in 563 msecs (HTTP/1.1 404) 3 headers in 102 bytes (1 switches on core 0)
Job with id remove_overdue_record already in jobstore. I'll refresh it
[pid: 28237|app: 0|req: 1/3] 127.0.0.1 () {46 vars in 922 bytes} [Sun May 17 03:03:13 2020] GET /admin => generated 0 bytes in 566 msecs (HTTP/1.1 301) 3 headers in 112 bytes (1 switches on core 0)
Job with id remove_overdue_record already in jobstore. I'll refresh it
[pid: 28235|app: 0|req: 1/4] 127.0.0.1 () {46 vars in 924 bytes} [Sun May 17 03:03:14 2020] GET /admin/ => generated 0 bytes in 613 msecs (HTTP/1.1 302) 7 headers in 265 bytes (1 switches on core 0)
[pid: 28236|app: 0|req: 2/5] 127.0.0.1 () {46 vars in 961 bytes} [Sun May 17 03:03:14 2020] GET /admin/login/?next=/admin/ => generated 1823 bytes in 92 msecs (HTTP/1.1 200) 7 headers in 395 bytes (1 switches on core 0)
Not Found: /static/admin/css/login.css
[pid: 28233|app: 0|req: 2/6] 127.0.0.1 () {44 vars in 865 bytes} [Sun May 17 03:03:14 2020] GET /static/admin/css/login.css => generated 3003 bytes in 7 msecs (HTTP/1.1 404) 3 headers in 102 bytes (1 switches on core 0)
Not Found: /static/admin/css/base.css
[pid: 28237|app: 0|req: 2/7] 127.0.0.1 () {44 vars in 863 bytes} [Sun May 17 03:03:14 2020] GET /static/admin/css/base.css => generated 3000 bytes in 12 msecs (HTTP/1.1 404) 3 headers in 102 bytes (1 switches on core 0)
Job with id remove_overdue_record already in jobstore. I'll refresh it
Not Found: /static/admin/css/responsive.css
[pid: 28231|app: 0|req: 1/8] 127.0.0.1 () {44 vars in 875 bytes} [Sun May 17 03:03:14 2020] GET /static/admin/css/responsive.css => generated 3018 bytes in 570 msecs (HTTP/1.1 404) 3 headers in 102 bytes (1 switches on core 0)
SIGINT/SIGQUIT received...killing workers...
gateway "uWSGI http 1" has been buried (pid: 28238)
worker 1 buried after 1 seconds
worker 2 buried after 1 seconds
worker 3 buried after 1 seconds
worker 4 buried after 1 seconds
worker 5 buried after 1 seconds
worker 6 buried after 1 seconds
worker 7 buried after 1 seconds
worker 8 buried after 1 seconds
goodbye to uWSGI.
VACUUM: pidfile removed.
*** Starting uWSGI 2.0.18 (64bit) on [Sun May 17 03:11:35 2020] ***
compiled with version: 5.4.0 20160609 on 21 March 2020 17:30:55
os: Linux-4.15.0-99-generic #100~16.04.1-Ubuntu SMP Wed Apr 22 23:56:30 UTC 2020
nodename: lirunquan-X555LI
machine: x86_64
clock source: unix
detected number of CPU cores: 4
current working directory: /root/CLSystem/server
writing pidfile to /root/CLSystem/server/CLSystem.pid
detected binary path: /usr/local/bin/uwsgi
!!! no internal routing support, rebuild with pcre support !!!
uWSGI running as root, you can use --uid/--gid/--chroot options
*** WARNING: you are running uWSGI as root !!! (use the --uid flag) *** 
chdir() to /root/CLSystem/server
your processes number limit is 30978
your memory page size is 4096 bytes
detected max file descriptor number: 1024
lock engine: pthread robust mutexes
thunder lock: disabled (you can enable it with --thunder-lock)
uWSGI http bound on :10086 fd 4
uwsgi socket 0 bound to TCP address 127.0.0.1:42167 (port auto-assigned) fd 3
uWSGI running as root, you can use --uid/--gid/--chroot options
*** WARNING: you are running uWSGI as root !!! (use the --uid flag) *** 
Python version: 3.7.1rc2 (default, Jan 10 2020, 02:18:10)  [GCC 5.4.0 20160609]
Python main interpreter initialized at 0x26d93f0
uWSGI running as root, you can use --uid/--gid/--chroot options
*** WARNING: you are running uWSGI as root !!! (use the --uid flag) *** 
python threads support enabled
your server socket listen backlog is limited to 100 connections
your mercy for graceful operations on workers is 60 seconds
mapped 656280 bytes (640 KB) for 8 cores
*** Operational MODE: preforking ***
WSGI app 0 (mountpoint='') ready in 0 seconds on interpreter 0x26d93f0 pid: 29468 (default app)
uWSGI running as root, you can use --uid/--gid/--chroot options
*** WARNING: you are running uWSGI as root !!! (use the --uid flag) *** 
*** uWSGI is running in multiple interpreter mode ***
spawned uWSGI master process (pid: 29468)
spawned uWSGI worker 1 (pid: 29469, cores: 1)
spawned uWSGI worker 2 (pid: 29470, cores: 1)
spawned uWSGI worker 3 (pid: 29471, cores: 1)
spawned uWSGI worker 4 (pid: 29472, cores: 1)
spawned uWSGI worker 5 (pid: 29473, cores: 1)
spawned uWSGI worker 6 (pid: 29474, cores: 1)
spawned uWSGI worker 7 (pid: 29475, cores: 1)
spawned uWSGI worker 8 (pid: 29476, cores: 1)
spawned uWSGI http 1 (pid: 29477)
Job with id remove_overdue_record already in jobstore. I'll refresh it
[pid: 29475|app: 0|req: 1/1] 127.0.0.1 () {48 vars in 992 bytes} [Sun May 17 03:11:42 2020] GET /admin/login/?next=/admin/ => generated 1823 bytes in 702 msecs (HTTP/1.1 200) 7 headers in 395 bytes (1 switches on core 0)
Not Found: /static/admin/css/login.css
[pid: 29475|app: 0|req: 2/2] 127.0.0.1 () {44 vars in 865 bytes} [Sun May 17 03:11:42 2020] GET /static/admin/css/login.css => generated 3003 bytes in 7 msecs (HTTP/1.1 404) 3 headers in 102 bytes (1 switches on core 0)
Job with id remove_overdue_record already in jobstore. I'll refresh it
Job with id remove_overdue_record already in jobstore. I'll refresh it
Not Found: /static/admin/css/base.css
[pid: 29476|app: 0|req: 1/3] 127.0.0.1 () {44 vars in 863 bytes} [Sun May 17 03:11:42 2020] GET /static/admin/css/base.css => generated 3000 bytes in 731 msecs (HTTP/1.1 404) 3 headers in 102 bytes (1 switches on core 0)
Not Found: /static/admin/css/responsive.css
[pid: 29471|app: 0|req: 1/4] 127.0.0.1 () {44 vars in 875 bytes} [Sun May 17 03:11:42 2020] GET /static/admin/css/responsive.css => generated 3018 bytes in 835 msecs (HTTP/1.1 404) 3 headers in 102 bytes (1 switches on core 0)
SIGINT/SIGQUIT received...killing workers...
gateway "uWSGI http 1" has been buried (pid: 29477)
worker 1 buried after 1 seconds
worker 2 buried after 1 seconds
worker 3 buried after 1 seconds
worker 4 buried after 1 seconds
worker 5 buried after 1 seconds
worker 6 buried after 1 seconds
worker 7 buried after 1 seconds
worker 8 buried after 1 seconds
goodbye to uWSGI.
VACUUM: pidfile removed.
*** Starting uWSGI 2.0.18 (64bit) on [Sun May 17 03:30:57 2020] ***
compiled with version: 5.4.0 20160609 on 21 March 2020 17:30:55
os: Linux-4.15.0-99-generic #100~16.04.1-Ubuntu SMP Wed Apr 22 23:56:30 UTC 2020
nodename: lirunquan-X555LI
machine: x86_64
clock source: unix
detected number of CPU cores: 4
current working directory: /root/CLSystem/server
writing pidfile to /root/CLSystem/server/CLSystem.pid
detected binary path: /usr/local/bin/uwsgi
!!! no internal routing support, rebuild with pcre support !!!
uWSGI running as root, you can use --uid/--gid/--chroot options
*** WARNING: you are running uWSGI as root !!! (use the --uid flag) *** 
chdir() to /root/CLSystem/server
your processes number limit is 30978
your memory page size is 4096 bytes
detected max file descriptor number: 1024
lock engine: pthread robust mutexes
thunder lock: disabled (you can enable it with --thunder-lock)
uWSGI http bound on :10086 fd 4
uwsgi socket 0 bound to TCP address 127.0.0.1:44265 (port auto-assigned) fd 3
uWSGI running as root, you can use --uid/--gid/--chroot options
*** WARNING: you are running uWSGI as root !!! (use the --uid flag) *** 
Python version: 3.7.1rc2 (default, Jan 10 2020, 02:18:10)  [GCC 5.4.0 20160609]
Python main interpreter initialized at 0x1a023f0
uWSGI running as root, you can use --uid/--gid/--chroot options
*** WARNING: you are running uWSGI as root !!! (use the --uid flag) *** 
python threads support enabled
your server socket listen backlog is limited to 100 connections
your mercy for graceful operations on workers is 60 seconds
mapped 656280 bytes (640 KB) for 8 cores
*** Operational MODE: preforking ***
WSGI app 0 (mountpoint='') ready in 0 seconds on interpreter 0x1a023f0 pid: 32617 (default app)
uWSGI running as root, you can use --uid/--gid/--chroot options
*** WARNING: you are running uWSGI as root !!! (use the --uid flag) *** 
*** uWSGI is running in multiple interpreter mode ***
spawned uWSGI master process (pid: 32617)
spawned uWSGI worker 1 (pid: 32618, cores: 1)
spawned uWSGI worker 2 (pid: 32619, cores: 1)
spawned uWSGI worker 3 (pid: 32620, cores: 1)
spawned uWSGI worker 4 (pid: 32621, cores: 1)
spawned uWSGI worker 5 (pid: 32622, cores: 1)
spawned uWSGI worker 6 (pid: 32623, cores: 1)
spawned uWSGI worker 7 (pid: 32624, cores: 1)
spawned uWSGI worker 8 (pid: 32625, cores: 1)
spawned uWSGI http 1 (pid: 32626)
Job with id remove_overdue_record already in jobstore. I'll refresh it
[pid: 32625|app: 0|req: 1/1] 127.0.0.1 () {48 vars in 942 bytes} [Sun May 17 03:31:14 2020] GET / => generated 3699 bytes in 605 msecs (HTTP/1.1 200) 4 headers in 124 bytes (1 switches on core 0)
[pid: 32625|app: 0|req: 2/2] 127.0.0.1 () {46 vars in 923 bytes} [Sun May 17 03:31:21 2020] GET /admin/ => generated 0 bytes in 64 msecs (HTTP/1.1 302) 7 headers in 265 bytes (1 switches on core 0)
Job with id remove_overdue_record already in jobstore. I'll refresh it
[pid: 32623|app: 0|req: 1/3] 127.0.0.1 () {46 vars in 961 bytes} [Sun May 17 03:31:21 2020] GET /admin/login/?next=/admin/ => generated 1823 bytes in 663 msecs (HTTP/1.1 200) 7 headers in 395 bytes (1 switches on core 0)
Not Found: /static/admin/css/base.css
[pid: 32625|app: 0|req: 3/4] 127.0.0.1 () {44 vars in 863 bytes} [Sun May 17 03:31:22 2020] GET /static/admin/css/base.css => generated 3000 bytes in 6 msecs (HTTP/1.1 404) 3 headers in 102 bytes (1 switches on core 0)
Job with id remove_overdue_record already in jobstore. I'll refresh it
Job with id remove_overdue_record already in jobstore. I'll refresh it
Not Found: /static/admin/css/login.css
[pid: 32624|app: 0|req: 1/5] 127.0.0.1 () {44 vars in 865 bytes} [Sun May 17 03:31:22 2020] GET /static/admin/css/login.css => generated 3003 bytes in 740 msecs (HTTP/1.1 404) 3 headers in 102 bytes (1 switches on core 0)
Not Found: /static/admin/css/responsive.css
[pid: 32618|app: 0|req: 1/6] 127.0.0.1 () {44 vars in 875 bytes} [Sun May 17 03:31:22 2020] GET /static/admin/css/responsive.css => generated 3018 bytes in 740 msecs (HTTP/1.1 404) 3 headers in 102 bytes (1 switches on core 0)
[pid: 32623|app: 0|req: 2/7] 127.0.0.1 () {48 vars in 990 bytes} [Sun May 17 03:31:49 2020] GET /courseware/index => generated 3944 bytes in 120 msecs (HTTP/1.1 200) 4 headers in 124 bytes (1 switches on core 0)
Not Found: /static/js/jquery.media.js
[pid: 32623|app: 0|req: 3/8] 127.0.0.1 () {44 vars in 840 bytes} [Sun May 17 03:31:49 2020] GET /static/js/jquery.media.js => generated 3000 bytes in 6 msecs (HTTP/1.1 404) 3 headers in 102 bytes (1 switches on core 0)
Not Found: /static/js/jquery.media.js
[pid: 32624|app: 0|req: 2/9] 127.0.0.1 () {44 vars in 840 bytes} [Sun May 17 03:31:49 2020] GET /static/js/jquery.media.js => generated 3000 bytes in 4 msecs (HTTP/1.1 404) 3 headers in 102 bytes (1 switches on core 0)
[pid: 32625|app: 0|req: 4/10] 127.0.0.1 () {48 vars in 1017 bytes} [Sun May 17 03:31:50 2020] GET /courseware/index?ord=1 => generated 3933 bytes in 10 msecs (HTTP/1.1 200) 4 headers in 124 bytes (1 switches on core 0)
Job with id remove_overdue_record already in jobstore. I'll refresh it
Not Found: /static/js/jquery.media.js
[pid: 32621|app: 0|req: 1/11] 127.0.0.1 () {44 vars in 846 bytes} [Sun May 17 03:31:50 2020] GET /static/js/jquery.media.js => generated 3000 bytes in 604 msecs (HTTP/1.1 404) 3 headers in 102 bytes (1 switches on core 0)
Job with id remove_overdue_record already in jobstore. I'll refresh it
[pid: 32620|app: 0|req: 1/12] 127.0.0.1 () {48 vars in 1023 bytes} [Sun May 17 03:31:52 2020] GET /courseware/index?ord=0 => generated 3944 bytes in 631 msecs (HTTP/1.1 200) 4 headers in 124 bytes (1 switches on core 0)
Not Found: /static/js/jquery.media.js
[pid: 32625|app: 0|req: 5/13] 127.0.0.1 () {44 vars in 846 bytes} [Sun May 17 03:31:53 2020] GET /static/js/jquery.media.js => generated 3000 bytes in 6 msecs (HTTP/1.1 404) 3 headers in 102 bytes (1 switches on core 0)
Not Found: /static/js/jquery.media.js
[pid: 32625|app: 0|req: 6/14] 127.0.0.1 () {44 vars in 845 bytes} [Sun May 17 03:31:53 2020] GET /static/js/jquery.media.js => generated 3000 bytes in 5 msecs (HTTP/1.1 404) 3 headers in 102 bytes (1 switches on core 0)
SIGINT/SIGQUIT received...killing workers...
gateway "uWSGI http 1" has been buried (pid: 32626)
worker 1 buried after 1 seconds
worker 2 buried after 1 seconds
worker 3 buried after 1 seconds
worker 4 buried after 1 seconds
worker 5 buried after 1 seconds
worker 6 buried after 1 seconds
worker 7 buried after 1 seconds
worker 8 buried after 1 seconds
goodbye to uWSGI.
VACUUM: pidfile removed.
*** Starting uWSGI 2.0.18 (64bit) on [Sun May 17 03:33:08 2020] ***
compiled with version: 5.4.0 20160609 on 21 March 2020 17:30:55
os: Linux-4.15.0-99-generic #100~16.04.1-Ubuntu SMP Wed Apr 22 23:56:30 UTC 2020
nodename: lirunquan-X555LI
machine: x86_64
clock source: unix
detected number of CPU cores: 4
current working directory: /root/CLSystem/server
writing pidfile to /root/CLSystem/server/CLSystem.pid
detected binary path: /usr/local/bin/uwsgi
!!! no internal routing support, rebuild with pcre support !!!
uWSGI running as root, you can use --uid/--gid/--chroot options
*** WARNING: you are running uWSGI as root !!! (use the --uid flag) *** 
chdir() to /root/CLSystem/server
your processes number limit is 30978
your memory page size is 4096 bytes
detected max file descriptor number: 1024
lock engine: pthread robust mutexes
thunder lock: disabled (you can enable it with --thunder-lock)
uWSGI http bound on :10086 fd 4
uwsgi socket 0 bound to TCP address 127.0.0.1:44317 (port auto-assigned) fd 3
uWSGI running as root, you can use --uid/--gid/--chroot options
*** WARNING: you are running uWSGI as root !!! (use the --uid flag) *** 
Python version: 3.7.1rc2 (default, Jan 10 2020, 02:18:10)  [GCC 5.4.0 20160609]
Python main interpreter initialized at 0x252e3f0
uWSGI running as root, you can use --uid/--gid/--chroot options
*** WARNING: you are running uWSGI as root !!! (use the --uid flag) *** 
python threads support enabled
your server socket listen backlog is limited to 100 connections
your mercy for graceful operations on workers is 60 seconds
mapped 656280 bytes (640 KB) for 8 cores
*** Operational MODE: preforking ***
WSGI app 0 (mountpoint='') ready in 0 seconds on interpreter 0x252e3f0 pid: 510 (default app)
uWSGI running as root, you can use --uid/--gid/--chroot options
*** WARNING: you are running uWSGI as root !!! (use the --uid flag) *** 
*** uWSGI is running in multiple interpreter mode ***
spawned uWSGI master process (pid: 510)
spawned uWSGI worker 1 (pid: 512, cores: 1)
spawned uWSGI worker 2 (pid: 513, cores: 1)
spawned uWSGI worker 3 (pid: 514, cores: 1)
spawned uWSGI worker 4 (pid: 515, cores: 1)
spawned uWSGI worker 5 (pid: 516, cores: 1)
spawned uWSGI worker 6 (pid: 517, cores: 1)
spawned uWSGI worker 7 (pid: 518, cores: 1)
spawned uWSGI worker 8 (pid: 519, cores: 1)
spawned uWSGI http 1 (pid: 520)
Job with id remove_overdue_record already in jobstore. I'll refresh it
[pid: 519|app: 0|req: 1/1] 127.0.0.1 () {50 vars in 1054 bytes} [Sun May 17 03:33:16 2020] GET /courseware/index?ord=0 => generated 3944 bytes in 618 msecs (HTTP/1.1 200) 4 headers in 124 bytes (1 switches on core 0)
Not Found: /static/js/jquery.media.js
[pid: 519|app: 0|req: 2/2] 127.0.0.1 () {44 vars in 846 bytes} [Sun May 17 03:33:16 2020] GET /static/js/jquery.media.js => generated 3000 bytes in 8 msecs (HTTP/1.1 404) 3 headers in 102 bytes (1 switches on core 0)
Not Found: /static/js/jquery.media.js
[pid: 519|app: 0|req: 3/3] 127.0.0.1 () {44 vars in 846 bytes} [Sun May 17 03:33:16 2020] GET /static/js/jquery.media.js => generated 3000 bytes in 3 msecs (HTTP/1.1 404) 3 headers in 102 bytes (1 switches on core 0)
[pid: 519|app: 0|req: 4/4] 127.0.0.1 () {46 vars in 924 bytes} [Sun May 17 03:33:24 2020] GET /admin/ => generated 0 bytes in 60 msecs (HTTP/1.1 302) 7 headers in 265 bytes (1 switches on core 0)
Job with id remove_overdue_record already in jobstore. I'll refresh it
[pid: 518|app: 0|req: 1/5] 127.0.0.1 () {46 vars in 961 bytes} [Sun May 17 03:33:24 2020] GET /admin/login/?next=/admin/ => generated 1823 bytes in 661 msecs (HTTP/1.1 200) 7 headers in 395 bytes (1 switches on core 0)
Not Found: /static/admin/css/base.css
[pid: 519|app: 0|req: 5/6] 127.0.0.1 () {44 vars in 863 bytes} [Sun May 17 03:33:24 2020] GET /static/admin/css/base.css => generated 3000 bytes in 4 msecs (HTTP/1.1 404) 3 headers in 102 bytes (1 switches on core 0)
Not Found: /static/admin/css/login.css
[pid: 518|app: 0|req: 2/7] 127.0.0.1 () {44 vars in 865 bytes} [Sun May 17 03:33:24 2020] GET /static/admin/css/login.css => generated 3003 bytes in 7 msecs (HTTP/1.1 404) 3 headers in 102 bytes (1 switches on core 0)
Job with id remove_overdue_record already in jobstore. I'll refresh it
Not Found: /static/admin/css/responsive.css
[pid: 516|app: 0|req: 1/8] 127.0.0.1 () {44 vars in 875 bytes} [Sun May 17 03:33:24 2020] GET /static/admin/css/responsive.css => generated 3018 bytes in 601 msecs (HTTP/1.1 404) 3 headers in 102 bytes (1 switches on core 0)
SIGINT/SIGQUIT received...killing workers...
gateway "uWSGI http 1" has been buried (pid: 520)
worker 1 buried after 1 seconds
worker 2 buried after 1 seconds
worker 3 buried after 1 seconds
worker 4 buried after 1 seconds
worker 5 buried after 1 seconds
worker 6 buried after 1 seconds
worker 7 buried after 1 seconds
worker 8 buried after 1 seconds
goodbye to uWSGI.
VACUUM: pidfile removed.
*** Starting uWSGI 2.0.18 (64bit) on [Sun May 17 03:36:12 2020] ***
compiled with version: 5.4.0 20160609 on 21 March 2020 17:30:55
os: Linux-4.15.0-99-generic #100~16.04.1-Ubuntu SMP Wed Apr 22 23:56:30 UTC 2020
nodename: lirunquan-X555LI
machine: x86_64
clock source: unix
detected number of CPU cores: 4
current working directory: /root/CLSystem/server
writing pidfile to /root/CLSystem/server/CLSystem.pid
detected binary path: /usr/local/bin/uwsgi
!!! no internal routing support, rebuild with pcre support !!!
uWSGI running as root, you can use --uid/--gid/--chroot options
*** WARNING: you are running uWSGI as root !!! (use the --uid flag) *** 
chdir() to /root/CLSystem/server
your processes number limit is 30978
your memory page size is 4096 bytes
detected max file descriptor number: 1024
lock engine: pthread robust mutexes
thunder lock: disabled (you can enable it with --thunder-lock)
uWSGI http bound on :10086 fd 4
uwsgi socket 0 bound to TCP address 127.0.0.1:45289 (port auto-assigned) fd 3
uWSGI running as root, you can use --uid/--gid/--chroot options
*** WARNING: you are running uWSGI as root !!! (use the --uid flag) *** 
Python version: 3.7.1rc2 (default, Jan 10 2020, 02:18:10)  [GCC 5.4.0 20160609]
Python main interpreter initialized at 0x146e3f0
uWSGI running as root, you can use --uid/--gid/--chroot options
*** WARNING: you are running uWSGI as root !!! (use the --uid flag) *** 
python threads support enabled
your server socket listen backlog is limited to 100 connections
your mercy for graceful operations on workers is 60 seconds
mapped 656280 bytes (640 KB) for 8 cores
*** Operational MODE: preforking ***
WSGI app 0 (mountpoint='') ready in 1 seconds on interpreter 0x146e3f0 pid: 1088 (default app)
uWSGI running as root, you can use --uid/--gid/--chroot options
*** WARNING: you are running uWSGI as root !!! (use the --uid flag) *** 
*** uWSGI is running in multiple interpreter mode ***
spawned uWSGI master process (pid: 1088)
spawned uWSGI worker 1 (pid: 1111, cores: 1)
spawned uWSGI worker 2 (pid: 1112, cores: 1)
spawned uWSGI worker 3 (pid: 1113, cores: 1)
spawned uWSGI worker 4 (pid: 1114, cores: 1)
spawned uWSGI worker 5 (pid: 1115, cores: 1)
spawned uWSGI worker 6 (pid: 1116, cores: 1)
spawned uWSGI worker 7 (pid: 1117, cores: 1)
spawned uWSGI worker 8 (pid: 1118, cores: 1)
spawned uWSGI http 1 (pid: 1119)
Job with id remove_overdue_record already in jobstore. I'll refresh it
[pid: 1116|app: 0|req: 1/1] 127.0.0.1 () {48 vars in 992 bytes} [Sun May 17 03:36:18 2020] GET /admin/login/?next=/admin/ => generated 1823 bytes in 689 msecs (HTTP/1.1 200) 7 headers in 395 bytes (1 switches on core 0)
Job with id remove_overdue_record already in jobstore. I'll refresh it
Job with id remove_overdue_record already in jobstore. I'll refresh it
Not Found: /static/admin/css/login.css
[pid: 1114|app: 0|req: 1/2] 127.0.0.1 () {44 vars in 865 bytes} [Sun May 17 03:36:19 2020] GET /static/admin/css/login.css => generated 3003 bytes in 935 msecs (HTTP/1.1 404) 3 headers in 102 bytes (1 switches on core 0)
Job with id remove_overdue_record already in jobstore. I'll refresh it
Not Found: /static/admin/css/base.css
Not Found: /static/admin/css/responsive.css
[pid: 1118|app: 0|req: 1/3] 127.0.0.1 () {44 vars in 863 bytes} [Sun May 17 03:36:19 2020] GET /static/admin/css/base.css => generated 3000 bytes in 1050 msecs (HTTP/1.1 404) 3 headers in 102 bytes (1 switches on core 0)
[pid: 1115|app: 0|req: 1/4] 127.0.0.1 () {44 vars in 875 bytes} [Sun May 17 03:36:19 2020] GET /static/admin/css/responsive.css => generated 3018 bytes in 1048 msecs (HTTP/1.1 404) 3 headers in 102 bytes (1 switches on core 0)
*** Starting uWSGI 2.0.18 (64bit) on [Sun May 17 03:42:14 2020] ***
compiled with version: 5.4.0 20160609 on 21 March 2020 17:30:55
os: Linux-4.15.0-99-generic #100~16.04.1-Ubuntu SMP Wed Apr 22 23:56:30 UTC 2020
nodename: lirunquan-X555LI
machine: x86_64
clock source: unix
detected number of CPU cores: 4
current working directory: /root/CLSystem/server
writing pidfile to /root/CLSystem/server/CLSystem.pid
detected binary path: /usr/local/bin/uwsgi
!!! no internal routing support, rebuild with pcre support !!!
uWSGI running as root, you can use --uid/--gid/--chroot options
*** WARNING: you are running uWSGI as root !!! (use the --uid flag) *** 
chdir() to /root/CLSystem/server
your processes number limit is 30978
your memory page size is 4096 bytes
detected max file descriptor number: 1024
lock engine: pthread robust mutexes
thunder lock: disabled (you can enable it with --thunder-lock)
probably another instance of uWSGI is running on the same address (:10086).
bind(): Address already in use [core/socket.c line 769]
[pid: 1116|app: 0|req: 2/5] 127.0.0.1 () {48 vars in 992 bytes} [Sun May 17 03:42:19 2020] GET /admin/login/?next=/admin/ => generated 1823 bytes in 15 msecs (HTTP/1.1 200) 7 headers in 395 bytes (1 switches on core 0)
Not Found: /static/admin/css/base.css
[pid: 1118|app: 0|req: 2/6] 127.0.0.1 () {44 vars in 863 bytes} [Sun May 17 03:42:19 2020] GET /static/admin/css/base.css => generated 3000 bytes in 5 msecs (HTTP/1.1 404) 3 headers in 102 bytes (1 switches on core 0)
Not Found: /static/admin/css/login.css
[pid: 1116|app: 0|req: 3/7] 127.0.0.1 () {44 vars in 865 bytes} [Sun May 17 03:42:19 2020] GET /static/admin/css/login.css => generated 3003 bytes in 7 msecs (HTTP/1.1 404) 3 headers in 102 bytes (1 switches on core 0)
Job with id remove_overdue_record already in jobstore. I'll refresh it
Not Found: /static/admin/css/responsive.css
[pid: 1113|app: 0|req: 1/8] 127.0.0.1 () {44 vars in 875 bytes} [Sun May 17 03:42:19 2020] GET /static/admin/css/responsive.css => generated 3018 bytes in 640 msecs (HTTP/1.1 404) 3 headers in 102 bytes (1 switches on core 0)
*** Starting uWSGI 2.0.18 (64bit) on [Sun May 17 03:43:39 2020] ***
compiled with version: 5.4.0 20160609 on 21 March 2020 17:30:55
os: Linux-4.15.0-99-generic #100~16.04.1-Ubuntu SMP Wed Apr 22 23:56:30 UTC 2020
nodename: lirunquan-X555LI
machine: x86_64
clock source: unix
detected number of CPU cores: 4
current working directory: /root/CLSystem/server
writing pidfile to /root/CLSystem/server/CLSystem.pid
detected binary path: /usr/local/bin/uwsgi
!!! no internal routing support, rebuild with pcre support !!!
uWSGI running as root, you can use --uid/--gid/--chroot options
*** WARNING: you are running uWSGI as root !!! (use the --uid flag) *** 
chdir() to /root/CLSystem/server
your processes number limit is 30978
your memory page size is 4096 bytes
detected max file descriptor number: 1024
building mime-types dictionary from file /etc/mime.types...552 entry found
lock engine: pthread robust mutexes
thunder lock: disabled (you can enable it with --thunder-lock)
probably another instance of uWSGI is running on the same address (:10086).
bind(): Address already in use [core/socket.c line 769]
Job with id remove_overdue_record already in jobstore. I'll refresh it
[pid: 1117|app: 0|req: 1/9] 127.0.0.1 () {48 vars in 992 bytes} [Sun May 17 03:43:49 2020] GET /admin/login/?next=/admin/ => generated 1823 bytes in 683 msecs (HTTP/1.1 200) 7 headers in 395 bytes (1 switches on core 0)
Not Found: /static/admin/css/base.css
[pid: 1117|app: 0|req: 2/10] 127.0.0.1 () {44 vars in 863 bytes} [Sun May 17 03:43:50 2020] GET /static/admin/css/base.css => generated 3000 bytes in 4 msecs (HTTP/1.1 404) 3 headers in 102 bytes (1 switches on core 0)
Not Found: /static/admin/css/login.css
Not Found: /static/admin/css/responsive.css
[pid: 1118|app: 0|req: 3/11] 127.0.0.1 () {44 vars in 865 bytes} [Sun May 17 03:43:50 2020] GET /static/admin/css/login.css => generated 3003 bytes in 4 msecs (HTTP/1.1 404) 3 headers in 102 bytes (1 switches on core 0)
[pid: 1117|app: 0|req: 3/12] 127.0.0.1 () {44 vars in 875 bytes} [Sun May 17 03:43:50 2020] GET /static/admin/css/responsive.css => generated 3018 bytes in 3 msecs (HTTP/1.1 404) 3 headers in 102 bytes (1 switches on core 0)
[pid: 1118|app: 0|req: 4/13] 127.0.0.1 () {46 vars in 911 bytes} [Sun May 17 03:43:55 2020] GET / => generated 3699 bytes in 24 msecs (HTTP/1.1 200) 4 headers in 124 bytes (1 switches on core 0)
[pid: 1118|app: 0|req: 5/14] 127.0.0.1 () {48 vars in 983 bytes} [Sun May 17 03:43:56 2020] GET /mission/index => generated 4079 bytes in 126 msecs (HTTP/1.1 200) 4 headers in 124 bytes (1 switches on core 0)
[pid: 1117|app: 0|req: 4/15] 127.0.0.1 () {48 vars in 1002 bytes} [Sun May 17 03:43:57 2020] GET /courseware/index => generated 3944 bytes in 8 msecs (HTTP/1.1 200) 4 headers in 124 bytes (1 switches on core 0)
Not Found: /static/js/jquery.media.js
[pid: 1117|app: 0|req: 5/16] 127.0.0.1 () {44 vars in 839 bytes} [Sun May 17 03:43:57 2020] GET /static/js/jquery.media.js => generated 3000 bytes in 4 msecs (HTTP/1.1 404) 3 headers in 102 bytes (1 switches on core 0)
Not Found: /static/js/jquery.media.js
[pid: 1116|app: 0|req: 4/17] 127.0.0.1 () {44 vars in 840 bytes} [Sun May 17 03:43:57 2020] GET /static/js/jquery.media.js => generated 3000 bytes in 5 msecs (HTTP/1.1 404) 3 headers in 102 bytes (1 switches on core 0)
[pid: 1118|app: 0|req: 6/18] 127.0.0.1 () {48 vars in 1017 bytes} [Sun May 17 03:43:58 2020] GET /courseware/index?ord=1 => generated 3933 bytes in 10 msecs (HTTP/1.1 200) 4 headers in 124 bytes (1 switches on core 0)
Not Found: /static/js/jquery.media.js
[pid: 1118|app: 0|req: 7/19] 127.0.0.1 () {44 vars in 846 bytes} [Sun May 17 03:43:58 2020] GET /static/js/jquery.media.js => generated 3000 bytes in 8 msecs (HTTP/1.1 404) 3 headers in 102 bytes (1 switches on core 0)
Not Found: /static/js/jquery.media.js
[pid: 1118|app: 0|req: 8/20] 127.0.0.1 () {44 vars in 846 bytes} [Sun May 17 03:43:58 2020] GET /static/js/jquery.media.js => generated 3000 bytes in 5 msecs (HTTP/1.1 404) 3 headers in 102 bytes (1 switches on core 0)
[pid: 1117|app: 0|req: 6/21] 127.0.0.1 () {48 vars in 1027 bytes} [Sun May 17 03:44:00 2020] GET /courseware/index?ord=101 => generated 4070 bytes in 8 msecs (HTTP/1.1 200) 4 headers in 124 bytes (1 switches on core 0)
Not Found: /static/js/jquery.media.js
[pid: 1116|app: 0|req: 5/22] 127.0.0.1 () {44 vars in 848 bytes} [Sun May 17 03:44:00 2020] GET /static/js/jquery.media.js => generated 3000 bytes in 3 msecs (HTTP/1.1 404) 3 headers in 102 bytes (1 switches on core 0)
Not Found: /static/js/jquery.media.js
[pid: 1118|app: 0|req: 9/23] 127.0.0.1 () {44 vars in 848 bytes} [Sun May 17 03:44:00 2020] GET /static/js/jquery.media.js => generated 3000 bytes in 4 msecs (HTTP/1.1 404) 3 headers in 102 bytes (1 switches on core 0)
[uwsgi-http key: 127.0.0.1:10086 client_addr: 127.0.0.1 client_port: 21694] hr_write(): Connection reset by peer [plugins/http/http.c line 565]
Sun May 17 03:44:00 2020 - uwsgi_response_write_body_do(): Connection reset by peer [core/writer.c line 429] during GET /courseware/stream/?path=/resources/courseware/101/101200508234119.mp4 (127.0.0.1)
OSError: write error
[pid: 1118|app: 0|req: 10/24] 127.0.0.1 () {46 vars in 958 bytes} [Sun May 17 03:44:00 2020] GET /courseware/stream/?path=/resources/courseware/101/101200508234119.mp4 => generated 9814016 bytes in 184 msecs (HTTP/1.1 206) 5 headers in 177 bytes (1199 switches on core 0)
[pid: 1117|app: 0|req: 7/25] 127.0.0.1 () {46 vars in 966 bytes} [Sun May 17 03:44:00 2020] GET /courseware/stream/?path=/resources/courseware/101/101200508234119.mp4 => generated 1172263 bytes in 49 msecs (HTTP/1.1 206) 5 headers in 185 bytes (144 switches on core 0)
Not Found: /favicon.ico
[pid: 1116|app: 0|req: 6/26] 127.0.0.1 () {44 vars in 855 bytes} [Sun May 17 03:44:01 2020] GET /favicon.ico => generated 2958 bytes in 4 msecs (HTTP/1.1 404) 3 headers in 102 bytes (1 switches on core 0)
[pid: 1118|app: 0|req: 11/27] 127.0.0.1 () {46 vars in 964 bytes} [Sun May 17 03:44:02 2020] GET /courseware/stream/?path=/resources/courseware/101/101200508234119.mp4 => generated 10485761 bytes in 125 msecs (HTTP/1.1 206) 5 headers in 183 bytes (1281 switches on core 0)
[pid: 1116|app: 0|req: 7/28] 127.0.0.1 () {48 vars in 1029 bytes} [Sun May 17 03:44:02 2020] GET /courseware/index?ord=100 => generated 4068 bytes in 11 msecs (HTTP/1.1 200) 4 headers in 124 bytes (1 switches on core 0)
Not Found: /static/js/jquery.media.js
[pid: 1118|app: 0|req: 12/29] 127.0.0.1 () {44 vars in 848 bytes} [Sun May 17 03:44:02 2020] GET /static/js/jquery.media.js => generated 3000 bytes in 4 msecs (HTTP/1.1 404) 3 headers in 102 bytes (1 switches on core 0)
Not Found: /static/js/jquery.media.js
[pid: 1118|app: 0|req: 13/30] 127.0.0.1 () {44 vars in 848 bytes} [Sun May 17 03:44:02 2020] GET /static/js/jquery.media.js => generated 3000 bytes in 4 msecs (HTTP/1.1 404) 3 headers in 102 bytes (1 switches on core 0)
[uwsgi-http key: 127.0.0.1:10086 client_addr: 127.0.0.1 client_port: 30398] hr_read(): Connection reset by peer [plugins/http/http.c line 917]
Sun May 17 03:44:02 2020 - SIGPIPE: writing to a closed pipe/socket/fd (probably the client disconnected) on request /courseware/stream/?path=/resources/courseware/100/100200508234105.mp4 (ip 127.0.0.1) !!!
Sun May 17 03:44:02 2020 - uwsgi_response_write_body_do(): Broken pipe [core/writer.c line 429] during GET /courseware/stream/?path=/resources/courseware/100/100200508234105.mp4 (127.0.0.1)
OSError: write error
[pid: 1118|app: 0|req: 14/31] 127.0.0.1 () {46 vars in 958 bytes} [Sun May 17 03:44:02 2020] GET /courseware/stream/?path=/resources/courseware/100/100200508234105.mp4 => generated 778240 bytes in 109 msecs (HTTP/1.1 206) 5 headers in 176 bytes (95 switches on core 0)
[pid: 1118|app: 0|req: 15/32] 127.0.0.1 () {46 vars in 965 bytes} [Sun May 17 03:44:02 2020] GET /courseware/stream/?path=/resources/courseware/100/100200508234105.mp4 => generated 1015885 bytes in 14 msecs (HTTP/1.1 206) 5 headers in 182 bytes (125 switches on core 0)
Not Found: /favicon.ico
[pid: 1117|app: 0|req: 8/33] 127.0.0.1 () {44 vars in 855 bytes} [Sun May 17 03:44:02 2020] GET /favicon.ico => generated 2958 bytes in 6 msecs (HTTP/1.1 404) 3 headers in 102 bytes (1 switches on core 0)
[pid: 1118|app: 0|req: 16/34] 127.0.0.1 () {46 vars in 963 bytes} [Sun May 17 03:44:02 2020] GET /courseware/stream/?path=/resources/courseware/100/100200508234105.mp4 => generated 10485761 bytes in 95 msecs (HTTP/1.1 206) 5 headers in 181 bytes (1281 switches on core 0)
[pid: 1118|app: 0|req: 17/35] 127.0.0.1 () {48 vars in 1025 bytes} [Sun May 17 03:44:04 2020] GET /courseware/index?ord=1 => generated 3933 bytes in 10 msecs (HTTP/1.1 200) 4 headers in 124 bytes (1 switches on core 0)
Not Found: /static/js/jquery.media.js
[pid: 1116|app: 0|req: 8/36] 127.0.0.1 () {44 vars in 846 bytes} [Sun May 17 03:44:04 2020] GET /static/js/jquery.media.js => generated 3000 bytes in 6 msecs (HTTP/1.1 404) 3 headers in 102 bytes (1 switches on core 0)
Not Found: /static/js/jquery.media.js
[pid: 1117|app: 0|req: 9/37] 127.0.0.1 () {44 vars in 846 bytes} [Sun May 17 03:44:04 2020] GET /static/js/jquery.media.js => generated 3000 bytes in 3 msecs (HTTP/1.1 404) 3 headers in 102 bytes (1 switches on core 0)
[pid: 1118|app: 0|req: 18/38] 127.0.0.1 () {48 vars in 1023 bytes} [Sun May 17 03:44:08 2020] GET /courseware/index?ord=0 => generated 3944 bytes in 8 msecs (HTTP/1.1 200) 4 headers in 124 bytes (1 switches on core 0)
Not Found: /static/js/jquery.media.js
[pid: 1116|app: 0|req: 9/39] 127.0.0.1 () {44 vars in 846 bytes} [Sun May 17 03:44:08 2020] GET /static/js/jquery.media.js => generated 3000 bytes in 5 msecs (HTTP/1.1 404) 3 headers in 102 bytes (1 switches on core 0)
Not Found: /static/js/jquery.media.js
[pid: 1115|app: 0|req: 2/40] 127.0.0.1 () {44 vars in 846 bytes} [Sun May 17 03:44:09 2020] GET /static/js/jquery.media.js => generated 3000 bytes in 3 msecs (HTTP/1.1 404) 3 headers in 102 bytes (1 switches on core 0)
*** Starting uWSGI 2.0.18 (64bit) on [Sun May 17 03:48:32 2020] ***
compiled with version: 5.4.0 20160609 on 21 March 2020 17:30:55
os: Linux-4.15.0-99-generic #100~16.04.1-Ubuntu SMP Wed Apr 22 23:56:30 UTC 2020
nodename: lirunquan-X555LI
machine: x86_64
clock source: unix
detected number of CPU cores: 4
current working directory: /root/CLSystem/server
writing pidfile to /root/CLSystem/server/CLSystem.pid
detected binary path: /usr/local/bin/uwsgi
!!! no internal routing support, rebuild with pcre support !!!
uWSGI running as root, you can use --uid/--gid/--chroot options
*** WARNING: you are running uWSGI as root !!! (use the --uid flag) *** 
chdir() to /root/CLSystem/server
your processes number limit is 30978
your memory page size is 4096 bytes
detected max file descriptor number: 1024
building mime-types dictionary from file /etc/mime.types...552 entry found
lock engine: pthread robust mutexes
thunder lock: disabled (you can enable it with --thunder-lock)
probably another instance of uWSGI is running on the same address (:10086).
bind(): Address already in use [core/socket.c line 769]
[pid: 1118|app: 0|req: 19/41] 127.0.0.1 () {50 vars in 1054 bytes} [Sun May 17 03:48:37 2020] GET /courseware/index?ord=0 => generated 3944 bytes in 10 msecs (HTTP/1.1 200) 4 headers in 124 bytes (1 switches on core 0)
Not Found: /static/js/jquery.media.js
[pid: 1116|app: 0|req: 10/42] 127.0.0.1 () {44 vars in 846 bytes} [Sun May 17 03:48:37 2020] GET /static/js/jquery.media.js => generated 3000 bytes in 6 msecs (HTTP/1.1 404) 3 headers in 102 bytes (1 switches on core 0)
Not Found: /static/js/jquery.media.js
[pid: 1117|app: 0|req: 10/43] 127.0.0.1 () {44 vars in 846 bytes} [Sun May 17 03:48:38 2020] GET /static/js/jquery.media.js => generated 3000 bytes in 3 msecs (HTTP/1.1 404) 3 headers in 102 bytes (1 switches on core 0)
*** Starting uWSGI 2.0.18 (64bit) on [Sun May 17 03:50:34 2020] ***
compiled with version: 5.4.0 20160609 on 21 March 2020 17:30:55
os: Linux-4.15.0-99-generic #100~16.04.1-Ubuntu SMP Wed Apr 22 23:56:30 UTC 2020
nodename: lirunquan-X555LI
machine: x86_64
clock source: unix
detected number of CPU cores: 4
current working directory: /root/CLSystem/server
writing pidfile to /root/CLSystem/server/CLSystem.pid
detected binary path: /usr/local/bin/uwsgi
!!! no internal routing support, rebuild with pcre support !!!
uWSGI running as root, you can use --uid/--gid/--chroot options
*** WARNING: you are running uWSGI as root !!! (use the --uid flag) *** 
chdir() to /root/CLSystem/server
your processes number limit is 30978
your memory page size is 4096 bytes
detected max file descriptor number: 1024
building mime-types dictionary from file /etc/mime.types...552 entry found
lock engine: pthread robust mutexes
thunder lock: disabled (you can enable it with --thunder-lock)
probably another instance of uWSGI is running on the same address (:10086).
bind(): Address already in use [core/socket.c line 769]
[pid: 1113|app: 0|req: 2/44] 127.0.0.1 () {50 vars in 1054 bytes} [Sun May 17 03:50:38 2020] GET /courseware/index?ord=0 => generated 3944 bytes in 21 msecs (HTTP/1.1 200) 4 headers in 124 bytes (1 switches on core 0)
Not Found: /static/js/jquery.media.js
[pid: 1117|app: 0|req: 11/45] 127.0.0.1 () {44 vars in 846 bytes} [Sun May 17 03:50:38 2020] GET /static/js/jquery.media.js => generated 3000 bytes in 3 msecs (HTTP/1.1 404) 3 headers in 102 bytes (1 switches on core 0)
Not Found: /static/js/jquery.media.js
[pid: 1117|app: 0|req: 12/46] 127.0.0.1 () {44 vars in 846 bytes} [Sun May 17 03:50:39 2020] GET /static/js/jquery.media.js => generated 3000 bytes in 3 msecs (HTTP/1.1 404) 3 headers in 102 bytes (1 switches on core 0)
*** Starting uWSGI 2.0.18 (64bit) on [Sun May 17 03:53:24 2020] ***
compiled with version: 5.4.0 20160609 on 21 March 2020 17:30:55
os: Linux-4.15.0-99-generic #100~16.04.1-Ubuntu SMP Wed Apr 22 23:56:30 UTC 2020
nodename: lirunquan-X555LI
machine: x86_64
clock source: unix
detected number of CPU cores: 4
current working directory: /root/CLSystem/server
writing pidfile to /root/CLSystem/server/CLSystem.pid
detected binary path: /usr/local/bin/uwsgi
!!! no internal routing support, rebuild with pcre support !!!
uWSGI running as root, you can use --uid/--gid/--chroot options
*** WARNING: you are running uWSGI as root !!! (use the --uid flag) *** 
chdir() to /root/CLSystem/server
your processes number limit is 30978
your memory page size is 4096 bytes
detected max file descriptor number: 1024
building mime-types dictionary from file /etc/mime.types...552 entry found
lock engine: pthread robust mutexes
thunder lock: disabled (you can enable it with --thunder-lock)
probably another instance of uWSGI is running on the same address (:10086).
bind(): Address already in use [core/socket.c line 769]
[pid: 1113|app: 0|req: 3/47] 127.0.0.1 () {50 vars in 1054 bytes} [Sun May 17 03:53:30 2020] GET /courseware/index?ord=0 => generated 3944 bytes in 9 msecs (HTTP/1.1 200) 4 headers in 124 bytes (1 switches on core 0)
Not Found: /static/js/jquery.media.js
[pid: 1115|app: 0|req: 3/48] 127.0.0.1 () {44 vars in 846 bytes} [Sun May 17 03:53:30 2020] GET /static/js/jquery.media.js => generated 3000 bytes in 6 msecs (HTTP/1.1 404) 3 headers in 102 bytes (1 switches on core 0)
Not Found: /static/js/jquery.media.js
[pid: 1118|app: 0|req: 20/49] 127.0.0.1 () {44 vars in 846 bytes} [Sun May 17 03:53:30 2020] GET /static/js/jquery.media.js => generated 3000 bytes in 4 msecs (HTTP/1.1 404) 3 headers in 102 bytes (1 switches on core 0)
*** Starting uWSGI 2.0.18 (64bit) on [Sun May 17 03:59:37 2020] ***
compiled with version: 5.4.0 20160609 on 21 March 2020 17:30:55
os: Linux-4.15.0-99-generic #100~16.04.1-Ubuntu SMP Wed Apr 22 23:56:30 UTC 2020
nodename: lirunquan-X555LI
machine: x86_64
clock source: unix
detected number of CPU cores: 4
current working directory: /root/CLSystem/server
writing pidfile to /root/CLSystem/server/CLSystem.pid
detected binary path: /usr/local/bin/uwsgi
!!! no internal routing support, rebuild with pcre support !!!
uWSGI running as root, you can use --uid/--gid/--chroot options
*** WARNING: you are running uWSGI as root !!! (use the --uid flag) *** 
chdir() to /root/CLSystem/server
your processes number limit is 30978
your memory page size is 4096 bytes
detected max file descriptor number: 1024
building mime-types dictionary from file /etc/mime.types...552 entry found
lock engine: pthread robust mutexes
thunder lock: disabled (you can enable it with --thunder-lock)
probably another instance of uWSGI is running on the same address (:10086).
bind(): Address already in use [core/socket.c line 769]
[pid: 1115|app: 0|req: 4/50] 127.0.0.1 () {50 vars in 1054 bytes} [Sun May 17 03:59:41 2020] GET /courseware/index?ord=0 => generated 3944 bytes in 21 msecs (HTTP/1.1 200) 4 headers in 124 bytes (1 switches on core 0)
Not Found: /static/js/jquery.media.js
[pid: 1118|app: 0|req: 21/51] 127.0.0.1 () {44 vars in 846 bytes} [Sun May 17 03:59:41 2020] GET /static/js/jquery.media.js => generated 3000 bytes in 8 msecs (HTTP/1.1 404) 3 headers in 102 bytes (1 switches on core 0)
Not Found: /static/js/jquery.media.js
[pid: 1117|app: 0|req: 13/52] 127.0.0.1 () {44 vars in 845 bytes} [Sun May 17 03:59:41 2020] GET /static/js/jquery.media.js => generated 3000 bytes in 4 msecs (HTTP/1.1 404) 3 headers in 102 bytes (1 switches on core 0)
*** Starting uWSGI 2.0.18 (64bit) on [Sun May 17 04:02:02 2020] ***
compiled with version: 5.4.0 20160609 on 21 March 2020 17:30:55
os: Linux-4.15.0-99-generic #100~16.04.1-Ubuntu SMP Wed Apr 22 23:56:30 UTC 2020
nodename: lirunquan-X555LI
machine: x86_64
clock source: unix
detected number of CPU cores: 4
current working directory: /root/CLSystem/server
writing pidfile to /root/CLSystem/server/CLSystem.pid
detected binary path: /usr/local/bin/uwsgi
!!! no internal routing support, rebuild with pcre support !!!
uWSGI running as root, you can use --uid/--gid/--chroot options
*** WARNING: you are running uWSGI as root !!! (use the --uid flag) *** 
chdir() to /root/CLSystem/server
your processes number limit is 30978
your memory page size is 4096 bytes
detected max file descriptor number: 1024
building mime-types dictionary from file /etc/mime.types...552 entry found
lock engine: pthread robust mutexes
thunder lock: disabled (you can enable it with --thunder-lock)
probably another instance of uWSGI is running on the same address (:10086).
bind(): Address already in use [core/socket.c line 769]
[pid: 1117|app: 0|req: 14/53] 127.0.0.1 () {50 vars in 1054 bytes} [Sun May 17 04:02:06 2020] GET /courseware/index?ord=0 => generated 3944 bytes in 11 msecs (HTTP/1.1 200) 4 headers in 124 bytes (1 switches on core 0)
Not Found: /static/js/jquery.media.js
[pid: 1117|app: 0|req: 15/54] 127.0.0.1 () {44 vars in 846 bytes} [Sun May 17 04:02:06 2020] GET /static/js/jquery.media.js => generated 3000 bytes in 7 msecs (HTTP/1.1 404) 3 headers in 102 bytes (1 switches on core 0)
Not Found: /static/js/jquery.media.js
[pid: 1116|app: 0|req: 11/55] 127.0.0.1 () {44 vars in 846 bytes} [Sun May 17 04:02:07 2020] GET /static/js/jquery.media.js => generated 3000 bytes in 9 msecs (HTTP/1.1 404) 3 headers in 102 bytes (1 switches on core 0)
Not Found: /static
[pid: 1114|app: 0|req: 2/56] 127.0.0.1 () {46 vars in 924 bytes} [Sun May 17 04:02:19 2020] GET /static => generated 2943 bytes in 3 msecs (HTTP/1.1 404) 3 headers in 102 bytes (1 switches on core 0)
*** Starting uWSGI 2.0.18 (64bit) on [Sun May 17 04:05:05 2020] ***
compiled with version: 5.4.0 20160609 on 21 March 2020 17:30:55
os: Linux-4.15.0-99-generic #100~16.04.1-Ubuntu SMP Wed Apr 22 23:56:30 UTC 2020
nodename: lirunquan-X555LI
machine: x86_64
clock source: unix
detected number of CPU cores: 4
current working directory: /root/CLSystem/server
writing pidfile to /root/CLSystem/server/CLSystem.pid
detected binary path: /usr/local/bin/uwsgi
!!! no internal routing support, rebuild with pcre support !!!
uWSGI running as root, you can use --uid/--gid/--chroot options
*** WARNING: you are running uWSGI as root !!! (use the --uid flag) *** 
chdir() to /root/CLSystem/server
your processes number limit is 30978
your memory page size is 4096 bytes
detected max file descriptor number: 1024
building mime-types dictionary from file /etc/mime.types...552 entry found
lock engine: pthread robust mutexes
thunder lock: disabled (you can enable it with --thunder-lock)
probably another instance of uWSGI is running on the same address (:10086).
bind(): Address already in use [core/socket.c line 769]
[pid: 1116|app: 0|req: 12/57] 127.0.0.1 () {46 vars in 912 bytes} [Sun May 17 04:05:13 2020] GET / => generated 3699 bytes in 15 msecs (HTTP/1.1 200) 4 headers in 124 bytes (1 switches on core 0)
[pid: 1118|app: 0|req: 22/58] 127.0.0.1 () {48 vars in 990 bytes} [Sun May 17 04:05:15 2020] GET /courseware/index => generated 3944 bytes in 8 msecs (HTTP/1.1 200) 4 headers in 124 bytes (1 switches on core 0)
Not Found: /static/js/jquery.media.js
[pid: 1118|app: 0|req: 23/59] 127.0.0.1 () {44 vars in 840 bytes} [Sun May 17 04:05:15 2020] GET /static/js/jquery.media.js => generated 3000 bytes in 5 msecs (HTTP/1.1 404) 3 headers in 102 bytes (1 switches on core 0)
Not Found: /static/js/jquery.media.js
[pid: 1117|app: 0|req: 16/60] 127.0.0.1 () {44 vars in 840 bytes} [Sun May 17 04:05:15 2020] GET /static/js/jquery.media.js => generated 3000 bytes in 7 msecs (HTTP/1.1 404) 3 headers in 102 bytes (1 switches on core 0)
[pid: 1114|app: 0|req: 3/61] 127.0.0.1 () {50 vars in 1021 bytes} [Sun May 17 04:05:54 2020] GET /courseware/index => generated 3944 bytes in 22 msecs (HTTP/1.1 200) 4 headers in 124 bytes (1 switches on core 0)
Not Found: /static/js/jquery.media.js
[pid: 1118|app: 0|req: 24/62] 127.0.0.1 () {44 vars in 840 bytes} [Sun May 17 04:05:54 2020] GET /static/js/jquery.media.js => generated 3000 bytes in 6 msecs (HTTP/1.1 404) 3 headers in 102 bytes (1 switches on core 0)
Not Found: /static/js/jquery.media.js
[pid: 1117|app: 0|req: 17/63] 127.0.0.1 () {44 vars in 840 bytes} [Sun May 17 04:05:54 2020] GET /static/js/jquery.media.js => generated 3000 bytes in 3 msecs (HTTP/1.1 404) 3 headers in 102 bytes (1 switches on core 0)
*** Starting uWSGI 2.0.18 (64bit) on [Sun May 17 04:08:53 2020] ***
compiled with version: 5.4.0 20160609 on 21 March 2020 17:30:55
os: Linux-4.15.0-99-generic #100~16.04.1-Ubuntu SMP Wed Apr 22 23:56:30 UTC 2020
nodename: lirunquan-X555LI
machine: x86_64
clock source: unix
detected number of CPU cores: 4
current working directory: /root/CLSystem/server
writing pidfile to /root/CLSystem/server/CLSystem.pid
detected binary path: /usr/local/bin/uwsgi
!!! no internal routing support, rebuild with pcre support !!!
*** WARNING: you are running uWSGI as root !!! (use the --uid flag) *** 
chdir() to /root/CLSystem/server
your processes number limit is 30978
your memory page size is 4096 bytes
detected max file descriptor number: 1024
building mime-types dictionary from file /etc/mime.types...552 entry found
lock engine: pthread robust mutexes
thunder lock: disabled (you can enable it with --thunder-lock)
probably another instance of uWSGI is running on the same address (:10086).
bind(): Address already in use [core/socket.c line 769]
[pid: 1117|app: 0|req: 18/64] 127.0.0.1 () {46 vars in 912 bytes} [Sun May 17 04:09:00 2020] GET / => generated 3699 bytes in 13 msecs (HTTP/1.1 200) 4 headers in 124 bytes (1 switches on core 0)
[pid: 1118|app: 0|req: 25/65] 127.0.0.1 () {48 vars in 990 bytes} [Sun May 17 04:09:02 2020] GET /courseware/index => generated 3944 bytes in 12 msecs (HTTP/1.1 200) 4 headers in 124 bytes (1 switches on core 0)
Not Found: /static/js/jquery.media.js
[pid: 1118|app: 0|req: 26/66] 127.0.0.1 () {44 vars in 839 bytes} [Sun May 17 04:09:02 2020] GET /static/js/jquery.media.js => generated 3000 bytes in 7 msecs (HTTP/1.1 404) 3 headers in 102 bytes (1 switches on core 0)
Not Found: /static/js/jquery.media.js
[pid: 1118|app: 0|req: 27/67] 127.0.0.1 () {44 vars in 839 bytes} [Sun May 17 04:09:02 2020] GET /static/js/jquery.media.js => generated 3000 bytes in 3 msecs (HTTP/1.1 404) 3 headers in 102 bytes (1 switches on core 0)
*** Starting uWSGI 2.0.18 (64bit) on [Sun May 17 04:28:43 2020] ***
compiled with version: 5.4.0 20160609 on 21 March 2020 17:30:55
os: Linux-4.15.0-99-generic #100~16.04.1-Ubuntu SMP Wed Apr 22 23:56:30 UTC 2020
nodename: lirunquan-X555LI
machine: x86_64
clock source: unix
detected number of CPU cores: 4
current working directory: /root
writing pidfile to /root/CLSystem/server/CLSystem.pid
detected binary path: /usr/local/bin/uwsgi
!!! no internal routing support, rebuild with pcre support !!!
*** WARNING: you are running uWSGI as root !!! (use the --uid flag) *** 
chdir() to /root/CLSystem/server
your processes number limit is 30978
your memory page size is 4096 bytes
detected max file descriptor number: 1024
building mime-types dictionary from file /etc/mime.types...552 entry found
lock engine: pthread robust mutexes
thunder lock: disabled (you can enable it with --thunder-lock)
uWSGI http bound on :10086 fd 3
uwsgi socket 0 bound to UNIX address /root/CLSystem/server/uwsgi.sock fd 6
*** WARNING: you are running uWSGI as root !!! (use the --uid flag) *** 
Python version: 3.7.1rc2 (default, Jan 10 2020, 02:18:10)  [GCC 5.4.0 20160609]
Python main interpreter initialized at 0x13dd500
*** WARNING: you are running uWSGI as root !!! (use the --uid flag) *** 
python threads support enabled
your server socket listen backlog is limited to 100 connections
your mercy for graceful operations on workers is 60 seconds
mapped 656280 bytes (640 KB) for 8 cores
*** Operational MODE: preforking ***
WSGI app 0 (mountpoint='') ready in 6 seconds on interpreter 0x13dd500 pid: 3802 (default app)
*** WARNING: you are running uWSGI as root !!! (use the --uid flag) *** 
*** uWSGI is running in multiple interpreter mode ***
spawned uWSGI master process (pid: 3802)
spawned uWSGI worker 1 (pid: 3836, cores: 1)
spawned uWSGI worker 2 (pid: 3837, cores: 1)
spawned uWSGI worker 3 (pid: 3838, cores: 1)
spawned uWSGI worker 4 (pid: 3839, cores: 1)
spawned uWSGI worker 5 (pid: 3840, cores: 1)
spawned uWSGI worker 6 (pid: 3841, cores: 1)
spawned uWSGI worker 7 (pid: 3842, cores: 1)
spawned uWSGI worker 8 (pid: 3843, cores: 1)
spawned uWSGI http 1 (pid: 3844)
Job with id remove_overdue_record already in jobstore. I'll refresh it
[pid: 3841|app: 0|req: 1/1] 127.0.0.1 () {48 vars in 999 bytes} [Sun May 17 04:28:49 2020] GET /admin/ => generated 15342 bytes in 5804 msecs (HTTP/1.1 200) 6 headers in 228 bytes (2 switches on core 0)
Job with id remove_overdue_record already in jobstore. I'll refresh it
Not Found: /favicon.ico
[pid: 3842|app: 0|req: 1/2] 127.0.0.1 () {48 vars in 934 bytes} [Sun May 17 04:28:55 2020] GET /favicon.ico => generated 2958 bytes in 534 msecs (HTTP/1.1 404) 3 headers in 102 bytes (2 switches on core 0)
Job with id remove_overdue_record already in jobstore. I'll refresh it
[pid: 3843|app: 0|req: 1/3] 127.0.0.1 () {46 vars in 955 bytes} [Sun May 17 04:29:00 2020] GET / => generated 3699 bytes in 791 msecs (HTTP/1.1 200) 4 headers in 124 bytes (2 switches on core 0)
[pid: 3842|app: 0|req: 2/4] 127.0.0.1 () {48 vars in 1033 bytes} [Sun May 17 04:29:04 2020] GET /courseware/index => generated 3944 bytes in 56 msecs (HTTP/1.1 200) 4 headers in 124 bytes (2 switches on core 0)
[pid: 3841|app: -1|req: -1/5] 127.0.0.1 () {44 vars in 884 bytes} [Sun May 17 04:29:04 2020] GET /static/js/jquery.media.js => generated 16120 bytes in 77 msecs via sendfile() (HTTP/1.1 200) 3 headers in 126 bytes (1 switches on core 0)
[pid: 3843|app: 0|req: 2/6] 127.0.0.1 () {46 vars in 1071 bytes} [Sun May 17 04:29:04 2020] GET /resources/courseware/0/0200508233843.pdf => generated 2893845 bytes in 68 msecs via sendfile() (HTTP/1.1 200) 4 headers in 150 bytes (1 switches on core 0)
[pid: 3842|app: 0|req: 3/7] 127.0.0.1 () {48 vars in 1061 bytes} [Sun May 17 04:29:06 2020] GET /courseware/index?ord=1 => generated 3933 bytes in 9 msecs (HTTP/1.1 200) 4 headers in 124 bytes (2 switches on core 0)
Job with id remove_overdue_record already in jobstore. I'll refresh it
[pid: 3839|app: 0|req: 1/8] 127.0.0.1 () {46 vars in 1053 bytes} [Sun May 17 04:29:06 2020] GET /resources/courseware/1/1.pdf => generated 1400179 bytes in 643 msecs via sendfile() (HTTP/1.1 200) 4 headers in 150 bytes (1 switches on core 0)
[pid: 3843|app: 0|req: 3/9] 127.0.0.1 () {48 vars in 1071 bytes} [Sun May 17 04:29:08 2020] GET /courseware/index?ord=100 => generated 4068 bytes in 14 msecs (HTTP/1.1 200) 4 headers in 124 bytes (2 switches on core 0)
[uwsgi-http key: localhost:10086 client_addr: 127.0.0.1 client_port: 26289] hr_read(): Connection reset by peer [plugins/http/http.c line 917]
Sun May 17 04:29:09 2020 - SIGPIPE: writing to a closed pipe/socket/fd (probably the client disconnected) on request /courseware/stream/?path=/resources/courseware/100/100200508234105.mp4 (ip 127.0.0.1) !!!
Sun May 17 04:29:09 2020 - uwsgi_response_write_body_do(): Broken pipe [core/writer.c line 429] during GET /courseware/stream/?path=/resources/courseware/100/100200508234105.mp4 (127.0.0.1)
OSError: write error
[pid: 3843|app: 0|req: 4/10] 127.0.0.1 () {46 vars in 1002 bytes} [Sun May 17 04:29:09 2020] GET /courseware/stream/?path=/resources/courseware/100/100200508234105.mp4 => generated 6406144 bytes in 115 msecs (HTTP/1.1 206) 5 headers in 176 bytes (786 switches on core 0)
[pid: 3841|app: 0|req: 2/11] 127.0.0.1 () {46 vars in 1009 bytes} [Sun May 17 04:29:09 2020] GET /courseware/stream/?path=/resources/courseware/100/100200508234105.mp4 => generated 1015885 bytes in 40 msecs (HTTP/1.1 206) 5 headers in 182 bytes (126 switches on core 0)
Not Found: /favicon.ico
[pid: 3839|app: 0|req: 2/12] 127.0.0.1 () {44 vars in 899 bytes} [Sun May 17 04:29:09 2020] GET /favicon.ico => generated 2958 bytes in 8 msecs (HTTP/1.1 404) 3 headers in 102 bytes (2 switches on core 0)
./apps/practice/views.py:121: UnorderedObjectListWarning: Pagination may yield inconsistent results with an unordered object_list: <class 'apps.practice.models.Programme'> QuerySet.
  paginator = Paginator(obj_list, 10)
./apps/practice/views.py:121: UnorderedObjectListWarning: Pagination may yield inconsistent results with an unordered object_list: <class 'apps.practice.models.Choice'> QuerySet.
  paginator = Paginator(obj_list, 10)
[pid: 3842|app: 0|req: 4/13] 127.0.0.1 () {48 vars in 1070 bytes} [Sun May 17 04:29:15 2020] GET /practice/problems_list => generated 4938 bytes in 168 msecs (HTTP/1.1 200) 4 headers in 124 bytes (2 switches on core 0)
[pid: 3843|app: 0|req: 5/14] 127.0.0.1 () {48 vars in 1076 bytes} [Sun May 17 04:29:17 2020] GET /practice/programme/1/index => generated 7401 bytes in 11 msecs (HTTP/1.1 200) 4 headers in 124 bytes (2 switches on core 0)
[pid: 3840|app: -1|req: -1/15] 127.0.0.1 () {44 vars in 922 bytes} [Sun May 17 04:29:17 2020] GET /static/js/ace/src/ext-language_tools.js => generated 76260 bytes in 196 msecs via sendfile() (HTTP/1.1 200) 3 headers in 126 bytes (0 switches on core 0)
[pid: 3838|app: -1|req: -1/16] 127.0.0.1 () {44 vars in 906 bytes} [Sun May 17 04:29:17 2020] GET /static/js/ace/src/mode-c_cpp.js => generated 19266 bytes in 244 msecs via sendfile() (HTTP/1.1 200) 3 headers in 126 bytes (0 switches on core 0)
[pid: 3843|app: -1|req: -1/17] 127.0.0.1 () {44 vars in 892 bytes} [Sun May 17 04:29:17 2020] GET /static/js/ace/src/ace.js => generated 733446 bytes in 272 msecs via sendfile() (HTTP/1.1 200) 3 headers in 127 bytes (1 switches on core 0)
[pid: 3837|app: -1|req: -1/18] 127.0.0.1 () {44 vars in 912 bytes} [Sun May 17 04:29:17 2020] GET /static/js/ace/src/theme-monokai.js => generated 2976 bytes in 302 msecs via sendfile() (HTTP/1.1 200) 3 headers in 125 bytes (0 switches on core 0)
[pid: 3840|app: -1|req: -1/19] 127.0.0.1 () {44 vars in 914 bytes} [Sun May 17 04:29:17 2020] GET /static/js/ace/src/snippets/c_cpp.js => generated 8411 bytes in 42 msecs via sendfile() (HTTP/1.1 200) 3 headers in 125 bytes (1 switches on core 0)
[pid: 3841|app: 0|req: 3/20] 127.0.0.1 () {48 vars in 1048 bytes} [Sun May 17 04:29:21 2020] GET /user/login => generated 5273 bytes in 109 msecs (HTTP/1.1 200) 5 headers in 292 bytes (2 switches on core 0)
[pid: 3843|app: 0|req: 6/21] 127.0.0.1 () {44 vars in 911 bytes} [Sun May 17 04:29:21 2020] GET /user/getVerificationCode => generated 4135 bytes in 159 msecs (HTTP/1.1 200) 5 headers in 269 bytes (2 switches on core 0)
[pid: 3842|app: 0|req: 5/22] 127.0.0.1 () {56 vars in 1170 bytes} [Sun May 17 04:29:39 2020] POST /user/login => generated 0 bytes in 184 msecs (HTTP/1.1 302) 6 headers in 292 bytes (2 switches on core 0)
[pid: 3842|app: 0|req: 6/23] 127.0.0.1 () {50 vars in 1062 bytes} [Sun May 17 04:29:39 2020] GET /user/index => generated 3703 bytes in 49 msecs (HTTP/1.1 200) 4 headers in 124 bytes (2 switches on core 0)
./apps/practice/views.py:121: UnorderedObjectListWarning: Pagination may yield inconsistent results with an unordered object_list: <class 'apps.practice.models.Programme'> QuerySet.
  paginator = Paginator(obj_list, 10)
./apps/practice/views.py:121: UnorderedObjectListWarning: Pagination may yield inconsistent results with an unordered object_list: <class 'apps.practice.models.Choice'> QuerySet.
  paginator = Paginator(obj_list, 10)
[pid: 3843|app: 0|req: 7/24] 127.0.0.1 () {48 vars in 1055 bytes} [Sun May 17 04:29:41 2020] GET /practice/problems_list => generated 5027 bytes in 18 msecs (HTTP/1.1 200) 4 headers in 124 bytes (2 switches on core 0)
[pid: 3843|app: 0|req: 8/25] 127.0.0.1 () {48 vars in 1075 bytes} [Sun May 17 04:29:42 2020] GET /practice/programme/1/index => generated 7513 bytes in 9 msecs (HTTP/1.1 200) 4 headers in 124 bytes (2 switches on core 0)
Internal Server Error: /practice/programme/1/commit
Traceback (most recent call last):
  File "/usr/local/lib/python3.7/site-packages/django/core/handlers/exception.py", line 34, in inner
    response = get_response(request)
  File "/usr/local/lib/python3.7/site-packages/django/core/handlers/base.py", line 115, in _get_response
    response = self.process_exception_by_middleware(e, request)
  File "/usr/local/lib/python3.7/site-packages/django/core/handlers/base.py", line 113, in _get_response
    response = wrapped_callback(request, *callback_args, **callback_kwargs)
  File "/usr/local/lib/python3.7/site-packages/django/views/decorators/http.py", line 40, in inner
    return func(request, *args, **kwargs)
  File "./apps/practice/views.py", line 159, in programme_commit
    make_dir(commit_dir)
  File "./utils/FileUtil.py", line 70, in make_dir
    os.mkdir(dir_name)
FileNotFoundError: [Errno 2] No such file or directory: '/root/CLSystem/server/resources/programme/commit/1/2020100003'
[pid: 3842|app: 0|req: 7/26] 127.0.0.1 () {54 vars in 1151 bytes} [Sun May 17 04:30:13 2020] POST /practice/programme/1/commit => generated 13163 bytes in 117 msecs (HTTP/1.1 500) 4 headers in 145 bytes (2 switches on core 0)
[pid: 3843|app: 0|req: 9/27] 192.168.2.105 () {38 vars in 787 bytes} [Sun May 17 04:34:01 2020] GET /user/login => generated 5273 bytes in 3 msecs (HTTP/1.1 200) 5 headers in 292 bytes (2 switches on core 0)
[pid: 3842|app: 0|req: 8/28] 192.168.2.105 () {38 vars in 748 bytes} [Sun May 17 04:34:01 2020] GET /user/getVerificationCode => generated 3825 bytes in 51 msecs (HTTP/1.1 200) 5 headers in 269 bytes (2 switches on core 0)
Not Found: /favicon.ico
[pid: 3843|app: 0|req: 10/29] 192.168.2.105 () {38 vars in 766 bytes} [Sun May 17 04:34:05 2020] GET /favicon.ico => generated 2962 bytes in 3 msecs (HTTP/1.1 404) 3 headers in 102 bytes (2 switches on core 0)
[pid: 3841|app: 0|req: 4/30] 192.168.2.105 () {48 vars in 1027 bytes} [Sun May 17 04:34:29 2020] POST /user/login => generated 0 bytes in 111 msecs (HTTP/1.1 302) 6 headers in 292 bytes (2 switches on core 0)
[pid: 3843|app: 0|req: 11/31] 192.168.2.105 () {42 vars in 915 bytes} [Sun May 17 04:34:29 2020] GET /user/index => generated 5188 bytes in 12 msecs (HTTP/1.1 200) 5 headers in 292 bytes (2 switches on core 0)
[pid: 3842|app: 0|req: 9/32] 192.168.2.105 () {40 vars in 908 bytes} [Sun May 17 04:34:31 2020] GET /practice/problems_list => generated 5172 bytes in 19 msecs (HTTP/1.1 200) 4 headers in 124 bytes (2 switches on core 0)
Job with id remove_overdue_record already in jobstore. I'll refresh it
[pid: 3837|app: 0|req: 1/33] 192.168.2.105 () {40 vars in 928 bytes} [Sun May 17 04:34:32 2020] GET /practice/programme/1/index => generated 9611 bytes in 528 msecs (HTTP/1.1 200) 5 headers in 292 bytes (2 switches on core 0)
[pid: 3840|app: -1|req: -1/34] 192.168.2.105 () {38 vars in 802 bytes} [Sun May 17 04:34:33 2020] GET /static/js/ace/src/ext-language_tools.js => generated 76260 bytes in 0 msecs via sendfile() (HTTP/1.1 200) 3 headers in 126 bytes (1 switches on core 0)
[pid: 3841|app: -1|req: -1/35] 192.168.2.105 () {40 vars in 841 bytes} [Sun May 17 04:34:33 2020] GET /static/js/ace/src/mode-c_cpp.js => generated 19266 bytes in 0 msecs via sendfile() (HTTP/1.1 200) 3 headers in 126 bytes (1 switches on core 0)
[pid: 3839|app: -1|req: -1/36] 192.168.2.105 () {40 vars in 847 bytes} [Sun May 17 04:34:33 2020] GET /static/js/ace/src/theme-monokai.js => generated 2976 bytes in 0 msecs via sendfile() (HTTP/1.1 200) 3 headers in 125 bytes (1 switches on core 0)
[pid: 3842|app: -1|req: -1/37] 192.168.2.105 () {38 vars in 772 bytes} [Sun May 17 04:34:33 2020] GET /static/js/ace/src/ace.js => generated 733446 bytes in 271 msecs via sendfile() (HTTP/1.1 200) 3 headers in 127 bytes (3 switches on core 0)
Internal Server Error: /practice/programme/1/get_testcase
Traceback (most recent call last):
  File "/usr/local/lib/python3.7/site-packages/django/core/handlers/exception.py", line 34, in inner
    response = get_response(request)
  File "/usr/local/lib/python3.7/site-packages/django/core/handlers/base.py", line 115, in _get_response
    response = self.process_exception_by_middleware(e, request)
  File "/usr/local/lib/python3.7/site-packages/django/core/handlers/base.py", line 113, in _get_response
    response = wrapped_callback(request, *callback_args, **callback_kwargs)
  File "/usr/local/lib/python3.7/site-packages/django/views/decorators/http.py", line 40, in inner
    return func(request, *args, **kwargs)
  File "./apps/practice/views.py", line 339, in get_tc_zip
    make_zip(tc_dir, z)
  File "./utils/FileUtil.py", line 79, in make_zip
    for file in os.listdir(src_dir):
FileNotFoundError: [Errno 2] No such file or directory: '/root/CLSystem/server/resources/programme/testcase/1'
[pid: 3841|app: 0|req: 5/38] 192.168.2.105 () {40 vars in 946 bytes} [Sun May 17 04:34:47 2020] GET /practice/programme/1/get_testcase => generated 68633 bytes in 147 msecs (HTTP/1.1 500) 4 headers in 129 bytes (2 switches on core 0)
b'dos2unix: converting file /root/CLSystem/server/resources/programme/testcase/1/0.in to Unix format ...\n'
b'dos2unix: converting file /root/CLSystem/server/resources/programme/testcase/1/0.out to Unix format ...\n'
[pid: 3843|app: 0|req: 12/39] 192.168.2.105 () {48 vars in 1113 bytes} [Sun May 17 04:38:55 2020] POST /practice/programme/1/modify => generated 0 bytes in 187 msecs (HTTP/1.1 302) 4 headers in 149 bytes (2 switches on core 0)
[pid: 3842|app: 0|req: 10/40] 192.168.2.105 () {42 vars in 963 bytes} [Sun May 17 04:38:55 2020] GET /practice/programme/1/index => generated 9611 bytes in 10 msecs (HTTP/1.1 200) 5 headers in 292 bytes (2 switches on core 0)
[pid: 3843|app: 0|req: 13/41] 192.168.2.105 () {40 vars in 924 bytes} [Sun May 17 04:39:26 2020] GET /practice/problems_list => generated 5172 bytes in 19 msecs (HTTP/1.1 200) 4 headers in 124 bytes (2 switches on core 0)
[pid: 3841|app: 0|req: 6/42] 192.168.2.105 () {40 vars in 928 bytes} [Sun May 17 04:39:27 2020] GET /practice/programme/2/index => generated 9700 bytes in 17 msecs (HTTP/1.1 200) 5 headers in 292 bytes (2 switches on core 0)
b'dos2unix: Skipping /root/CLSystem/server/resources/programme/testcase/2/__MACOSX, not a regular file.\n'
b'dos2unix: Skipping /root/CLSystem/server/resources/programme/testcase/2/1000, not a regular file.\n'
[pid: 3841|app: 0|req: 7/43] 192.168.2.105 () {48 vars in 1113 bytes} [Sun May 17 04:41:27 2020] POST /practice/programme/2/modify => generated 0 bytes in 41 msecs (HTTP/1.1 302) 4 headers in 149 bytes (6 switches on core 0)
[pid: 3842|app: 0|req: 11/44] 192.168.2.105 () {42 vars in 963 bytes} [Sun May 17 04:41:27 2020] GET /practice/programme/2/index => generated 9700 bytes in 13 msecs (HTTP/1.1 200) 5 headers in 292 bytes (2 switches on core 0)
[pid: 3839|app: 0|req: 3/45] 192.168.2.105 () {40 vars in 946 bytes} [Sun May 17 04:41:31 2020] GET /practice/programme/2/get_testcase => generated 202 bytes in 10 msecs via sendfile() (HTTP/1.1 200) 4 headers in 175 bytes (1 switches on core 0)
b'dos2unix: converting file /root/CLSystem/server/resources/programme/testcase/2/1.out to Unix format ...\n'
b'dos2unix: converting file /root/CLSystem/server/resources/programme/testcase/2/1.in to Unix format ...\n'
b'dos2unix: converting file /root/CLSystem/server/resources/programme/testcase/2/0.in to Unix format ...\n'
b'dos2unix: Skipping /root/CLSystem/server/resources/programme/testcase/2/__MACOSX, not a regular file.\n'
b'dos2unix: converting file /root/CLSystem/server/resources/programme/testcase/2/0.out to Unix format ...\n'
[pid: 3842|app: 0|req: 12/46] 192.168.2.105 () {48 vars in 1113 bytes} [Sun May 17 04:42:48 2020] POST /practice/programme/2/modify => generated 0 bytes in 57 msecs (HTTP/1.1 302) 4 headers in 149 bytes (5 switches on core 0)
[pid: 3841|app: 0|req: 8/47] 192.168.2.105 () {42 vars in 963 bytes} [Sun May 17 04:42:48 2020] GET /practice/programme/2/index => generated 9700 bytes in 19 msecs (HTTP/1.1 200) 5 headers in 292 bytes (2 switches on core 0)
[pid: 3842|app: 0|req: 13/48] 127.0.0.1 () {48 vars in 1076 bytes} [Sun May 17 04:43:58 2020] GET /practice/programme/1/index => generated 7513 bytes in 13 msecs (HTTP/1.1 200) 4 headers in 124 bytes (1 switches on core 0)
Job with id remove_overdue_record already in jobstore. I'll refresh it
Internal Server Error: /practice/programme/1/commit
Traceback (most recent call last):
  File "/usr/local/lib/python3.7/site-packages/django/core/handlers/exception.py", line 34, in inner
    response = get_response(request)
  File "/usr/local/lib/python3.7/site-packages/django/core/handlers/base.py", line 115, in _get_response
    response = self.process_exception_by_middleware(e, request)
  File "/usr/local/lib/python3.7/site-packages/django/core/handlers/base.py", line 113, in _get_response
    response = wrapped_callback(request, *callback_args, **callback_kwargs)
  File "/usr/local/lib/python3.7/site-packages/django/views/decorators/http.py", line 40, in inner
    return func(request, *args, **kwargs)
  File "./apps/practice/views.py", line 159, in programme_commit
    make_dir(commit_dir)
  File "./utils/FileUtil.py", line 70, in make_dir
    os.mkdir(dir_name)
FileNotFoundError: [Errno 2] No such file or directory: '/root/CLSystem/server/resources/programme/commit/1/2020100003'
[pid: 3838|app: 0|req: 1/49] 127.0.0.1 () {54 vars in 1151 bytes} [Sun May 17 04:44:17 2020] POST /practice/programme/1/commit => generated 13163 bytes in 624 msecs (HTTP/1.1 500) 4 headers in 145 bytes (1 switches on core 0)
[pid: 3838|app: 0|req: 2/50] 127.0.0.1 () {50 vars in 1107 bytes} [Sun May 17 04:45:10 2020] GET /practice/programme/1/index => generated 7513 bytes in 23 msecs (HTTP/1.1 200) 4 headers in 124 bytes (1 switches on core 0)
Job with id remove_overdue_record already in jobstore. I'll refresh it
[pid: 3840|app: 0|req: 1/51] 127.0.0.1 () {54 vars in 1151 bytes} [Sun May 17 04:45:26 2020] POST /practice/programme/1/commit => generated 15 bytes in 1666 msecs (HTTP/1.1 200) 4 headers in 114 bytes (1 switches on core 0)
[pid: 3843|app: 0|req: 14/52] 127.0.0.1 () {48 vars in 1082 bytes} [Sun May 17 04:45:28 2020] GET /practice/programme/1/result => generated 10322 bytes in 36 msecs (HTTP/1.1 200) 4 headers in 125 bytes (1 switches on core 0)
[pid: 3841|app: 0|req: 9/53] 192.168.2.105 () {42 vars in 963 bytes} [Sun May 17 10:03:08 2020] GET /practice/programme/2/index => generated 9700 bytes in 15 msecs (HTTP/1.1 200) 5 headers in 292 bytes (2 switches on core 0)
[pid: 3843|app: 0|req: 15/54] 192.168.2.105 () {40 vars in 904 bytes} [Sun May 17 10:03:14 2020] GET /notice/index => generated 3886 bytes in 17 msecs (HTTP/1.1 200) 4 headers in 124 bytes (2 switches on core 0)
[pid: 3842|app: 0|req: 14/55] 192.168.2.105 () {40 vars in 895 bytes} [Sun May 17 10:03:15 2020] GET /notice/1/detail => generated 11176 bytes in 132 msecs (HTTP/1.1 200) 4 headers in 125 bytes (2 switches on core 0)
[pid: 3842|app: 0|req: 15/56] 192.168.2.105 () {40 vars in 892 bytes} [Sun May 17 10:03:23 2020] GET /notice/index => generated 3886 bytes in 19 msecs (HTTP/1.1 200) 4 headers in 124 bytes (2 switches on core 0)
gateway "uWSGI http 1" has been buried (pid: 3844)
...brutally killing workers...
Gracefully killing worker 7 (pid: 3842)...
Gracefully killing worker 2 (pid: 3837)...
Gracefully killing worker 6 (pid: 3841)...
Gracefully killing worker 1 (pid: 3836)...
worker 2 buried after 0 seconds
worker 1 buried after 1 seconds
worker 3 buried after 1 seconds
worker 4 buried after 1 seconds
worker 5 buried after 1 seconds
worker 6 buried after 1 seconds
worker 7 buried after 1 seconds
worker 8 buried after 1 seconds
binary reloading uWSGI...
chdir() to /root
closing all non-uwsgi socket fds > 2 (max_fd = 1024)...
found fd 6 mapped to socket 0 (/root/CLSystem/server/uwsgi.sock)
running /usr/local/bin/uwsgi
[uWSGI] getting INI configuration from CLSystem/server/uwsgi.ini
[uwsgi-static] added mapping for /static => /root/CLSystem/server/static
*** Starting uWSGI 2.0.18 (64bit) on [Sun May 17 10:07:41 2020] ***
compiled with version: 5.4.0 20160609 on 21 March 2020 17:30:55
os: Linux-4.15.0-99-generic #100~16.04.1-Ubuntu SMP Wed Apr 22 23:56:30 UTC 2020
nodename: lirunquan-X555LI
machine: x86_64
clock source: unix
detected number of CPU cores: 4
current working directory: /root
detected binary path: /usr/local/bin/uwsgi
!!! no internal routing support, rebuild with pcre support !!!
*** WARNING: you are running uWSGI as root !!! (use the --uid flag) *** 
chdir() to /root/CLSystem/server
your processes number limit is 30978
your memory page size is 4096 bytes
detected max file descriptor number: 1024
building mime-types dictionary from file /etc/mime.types...552 entry found
lock engine: pthread robust mutexes
thunder lock: disabled (you can enable it with --thunder-lock)
uWSGI http bound on :10086 fd 3
uwsgi socket 0 inherited UNIX address /root/CLSystem/server/uwsgi.sock fd 6
*** WARNING: you are running uWSGI as root !!! (use the --uid flag) *** 
Python version: 3.7.1rc2 (default, Jan 10 2020, 02:18:10)  [GCC 5.4.0 20160609]
Python main interpreter initialized at 0xcf0430
*** WARNING: you are running uWSGI as root !!! (use the --uid flag) *** 
python threads support enabled
your server socket listen backlog is limited to 100 connections
your mercy for graceful operations on workers is 60 seconds
mapped 656280 bytes (640 KB) for 8 cores
*** Operational MODE: preforking ***
WSGI app 0 (mountpoint='') ready in 0 seconds on interpreter 0xcf0430 pid: 3802 (default app)
*** WARNING: you are running uWSGI as root !!! (use the --uid flag) *** 
*** uWSGI is running in multiple interpreter mode ***
gracefully (RE)spawned uWSGI master process (pid: 3802)
spawned uWSGI worker 1 (pid: 26104, cores: 1)
spawned uWSGI worker 2 (pid: 26105, cores: 1)
spawned uWSGI worker 3 (pid: 26106, cores: 1)
spawned uWSGI worker 4 (pid: 26107, cores: 1)
spawned uWSGI worker 5 (pid: 26108, cores: 1)
spawned uWSGI worker 6 (pid: 26109, cores: 1)
spawned uWSGI worker 7 (pid: 26110, cores: 1)
spawned uWSGI worker 8 (pid: 26111, cores: 1)
spawned uWSGI http 1 (pid: 26112)
*** Starting uWSGI 2.0.18 (64bit) on [Sun May 17 10:30:12 2020] ***
compiled with version: 5.4.0 20160609 on 21 March 2020 17:30:55
os: Linux-4.15.0-99-generic #100~16.04.1-Ubuntu SMP Wed Apr 22 23:56:30 UTC 2020
nodename: lirunquan-X555LI
machine: x86_64
clock source: unix
detected number of CPU cores: 4
current working directory: /root/CLSystem/server
writing pidfile to /root/CLSystem/server/CLSystem.pid
detected binary path: /usr/local/bin/uwsgi
!!! no internal routing support, rebuild with pcre support !!!
*** WARNING: you are running uWSGI as root !!! (use the --uid flag) *** 
chdir() to /root/CLSystem/server
your processes number limit is 30978
your memory page size is 4096 bytes
detected max file descriptor number: 1024
building mime-types dictionary from file /etc/mime.types...552 entry found
lock engine: pthread robust mutexes
thunder lock: disabled (you can enable it with --thunder-lock)
uWSGI http bound on :10086 fd 3
uwsgi socket 0 bound to UNIX address /root/CLSystem/server/uwsgi.sock fd 6
*** WARNING: you are running uWSGI as root !!! (use the --uid flag) *** 
Python version: 3.7.1rc2 (default, Jan 10 2020, 02:18:10)  [GCC 5.4.0 20160609]
Python main interpreter initialized at 0x173d520
*** WARNING: you are running uWSGI as root !!! (use the --uid flag) *** 
python threads support enabled
your server socket listen backlog is limited to 100 connections
your mercy for graceful operations on workers is 60 seconds
mapped 656280 bytes (640 KB) for 8 cores
*** Operational MODE: preforking ***
WSGI app 0 (mountpoint='') ready in 5 seconds on interpreter 0x173d520 pid: 2832 (default app)
*** WARNING: you are running uWSGI as root !!! (use the --uid flag) *** 
*** uWSGI is running in multiple interpreter mode ***
spawned uWSGI master process (pid: 2832)
spawned uWSGI worker 1 (pid: 2838, cores: 1)
spawned uWSGI worker 2 (pid: 2839, cores: 1)
spawned uWSGI worker 3 (pid: 2840, cores: 1)
spawned uWSGI worker 4 (pid: 2841, cores: 1)
spawned uWSGI worker 5 (pid: 2842, cores: 1)
spawned uWSGI worker 6 (pid: 2843, cores: 1)
spawned uWSGI worker 7 (pid: 2844, cores: 1)
spawned uWSGI worker 8 (pid: 2845, cores: 1)
spawned uWSGI http 1 (pid: 2846)
Job with id remove_overdue_record already in jobstore. I'll refresh it
[pid: 2845|app: 0|req: 1/1] 192.168.2.105 () {42 vars in 924 bytes} [Sun May 17 10:30:17 2020] GET /notice/index => generated 3886 bytes in 5238 msecs (HTTP/1.1 200) 4 headers in 124 bytes (2 switches on core 0)
[pid: 2845|app: 0|req: 2/2] 192.168.2.105 () {40 vars in 898 bytes} [Sun May 17 10:30:25 2020] GET /courseware/index => generated 4188 bytes in 122 msecs (HTTP/1.1 200) 4 headers in 124 bytes (2 switches on core 0)
[pid: 2843|app: -1|req: -1/3] 192.168.2.105 () {40 vars in 818 bytes} [Sun May 17 10:30:26 2020] GET /static/js/jquery.media.js => generated 0 bytes in 35 msecs (HTTP/1.1 304) 0 headers in 29 bytes (0 switches on core 0)
Job with id remove_overdue_record already in jobstore. I'll refresh it
[pid: 2843|app: 0|req: 1/4] 192.168.2.105 () {40 vars in 949 bytes} [Sun May 17 10:30:26 2020] GET /resources/courseware/0/0200508233843.pdf => generated 2893845 bytes in 2861 msecs via sendfile() (HTTP/1.1 200) 4 headers in 150 bytes (11 switches on core 0)
